<?xml version="1.0" encoding="UTF-8"?>
<testsuite xmlns:xsi="http://www.w3.org/2001/XMLSchema-instance" xsi:noNamespaceSchemaLocation="https://maven.apache.org/surefire/maven-surefire-plugin/xsd/surefire-test-report.xsd" name="DealerTest" time="0.013" tests="6" errors="0" skipped="0" failures="0">
  <properties>
[...]
</properties>
  <testcase name="constructorTest" classname="DealerTest" time="0"/>
  <testcase name="dealHandReturnsGoodHandsSize" classname="DealerTest" time="0.006"/>
  <testcase name="dealerConstructorIsActuallyAConstructorIGuess" classname="DealerTest" time="0.001"/>
  <testcase name="dealHandResize" classname="DealerTest" time="0.002"/>
  <testcase name="dealHandTest" classname="DealerTest" time="0"/>
  <testcase name="dealHandCreatesNewDeck" classname="DealerTest" time="0.001"/>
</testsuite>